d:\универ\2 курс\чм\лабы\lab 04 - интерполювання\lab 04 - интерполювання\debug\vc100.pdb
d:\универ\2 курс\чм\лабы\lab 04 - интерполювання\lab 04 - интерполювання\debug\main.obj
d:\универ\2 курс\чм\лабы\lab 04 - интерполювання\debug\lab 04 - интерполювання.ilk
d:\универ\2 курс\чм\лабы\lab 04 - интерполювання\debug\lab 04 - интерполювання.exe
d:\универ\2 курс\чм\лабы\lab 04 - интерполювання\lab 04 - интерполювання\debug\lab 04 - интерполювання.exe.intermediate.manifest
d:\универ\2 курс\чм\лабы\lab 04 - интерполювання\debug\lab 04 - интерполювання.pdb
c:\users\den\documents\visual studio 2015\projects\lab 04 - интерполювання\lab 04 - интерполювання\debug\vc140.pdb
c:\users\den\documents\visual studio 2015\projects\lab 04 - интерполювання\lab 04 - интерполювання\debug\vc140.idb
c:\users\den\documents\visual studio 2015\projects\lab 04 - интерполювання\lab 04 - интерполювання\debug\main.obj
c:\users\den\documents\visual studio 2015\projects\lab 04 - интерполювання\lab 04 - интерполювання\debug\cl.command.1.tlog
c:\users\den\documents\visual studio 2015\projects\lab 04 - интерполювання\lab 04 - интерполювання\debug\cl.read.1.tlog
c:\users\den\documents\visual studio 2015\projects\lab 04 - интерполювання\lab 04 - интерполювання\debug\cl.write.1.tlog
c:\users\den\documents\visual studio 2015\projects\lab 04 - интерполювання\lab 04 - интерполювання\debug\link.command.1.tlog
c:\users\den\documents\visual studio 2015\projects\lab 04 - интерполювання\lab 04 - интерполювання\debug\link.read.1.tlog
c:\users\den\documents\visual studio 2015\projects\lab 04 - интерполювання\lab 04 - интерполювання\debug\link.write.1.tlog
c:\users\den\documents\visual studio 2015\projects\lab 04 - интерполювання\lab 04 - интерполювання\debug\mt.command.1.tlog
c:\users\den\documents\visual studio 2015\projects\lab 04 - интерполювання\lab 04 - интерполювання\debug\mt.read.1.tlog
c:\users\den\documents\visual studio 2015\projects\lab 04 - интерполювання\lab 04 - интерполювання\debug\mt.write.1.tlog
c:\users\den\documents\visual studio 2015\projects\lab 04 - интерполювання\lab 04 - интерполювання\debug\lab 04 - интерполювання.exe.intermediate.manifest
c:\users\den\documents\visual studio 2015\projects\lab 04 - интерполювання\lab 04 - интерполювання\debug\vc100.idb
c:\users\den\documents\visual studio 2015\projects\lab 04 - интерполювання\lab 04 - интерполювання\debug\vc100.pdb
c:\users\den\documents\visual studio 2015\projects\lab 04 - интерполювання\debug\lab 04 - интерполювання.pdb
c:\users\den\documents\visual studio 2015\projects\lab 04 - интерполювання\lab 04 - интерполювання\debug\lab 04 -.77e2e8b5.tlog\cl.command.1.tlog
c:\users\den\documents\visual studio 2015\projects\lab 04 - интерполювання\lab 04 - интерполювання\debug\lab 04 -.77e2e8b5.tlog\cl.read.1.tlog
c:\users\den\documents\visual studio 2015\projects\lab 04 - интерполювання\lab 04 - интерполювання\debug\lab 04 -.77e2e8b5.tlog\cl.write.1.tlog
c:\users\den\documents\visual studio 2015\projects\lab 04 - интерполювання\lab 04 - интерполювання\debug\lab 04 -.77e2e8b5.tlog\link-cvtres.read.1.tlog
c:\users\den\documents\visual studio 2015\projects\lab 04 - интерполювання\lab 04 - интерполювання\debug\lab 04 -.77e2e8b5.tlog\link-cvtres.write.1.tlog
c:\users\den\documents\visual studio 2015\projects\lab 04 - интерполювання\lab 04 - интерполювання\debug\lab 04 -.77e2e8b5.tlog\link-rc.read.1.tlog
c:\users\den\documents\visual studio 2015\projects\lab 04 - интерполювання\lab 04 - интерполювання\debug\lab 04 -.77e2e8b5.tlog\link-rc.write.1.tlog
c:\users\den\documents\visual studio 2015\projects\lab 04 - интерполювання\lab 04 - интерполювання\debug\lab 04 -.77e2e8b5.tlog\link.command.1.tlog
c:\users\den\documents\visual studio 2015\projects\lab 04 - интерполювання\lab 04 - интерполювання\debug\lab 04 -.77e2e8b5.tlog\link.read.1.tlog
c:\users\den\documents\visual studio 2015\projects\lab 04 - интерполювання\lab 04 - интерполювання\debug\lab 04 -.77e2e8b5.tlog\link.write.1.tlog
