Build started 24.11.2016 20:53:34.
     1>Project "C:\Users\Den\Documents\GitHub\Number_methods\Lab 04 - Интерполювання\Lab 04 - Интерполювання\Lab 04 - Интерполювання.vcxproj" on node 2 (Build target(s)).
     1>ClCompile:
         C:\Program Files (x86)\Microsoft Visual Studio 14.0\VC\bin\CL.exe /c /ZI /nologo /W3 /WX- /Od /Oy- /D _UNICODE /D UNICODE /Gm /EHsc /RTC1 /MDd /GS /fp:precise /Zc:wchar_t /Zc:forScope /Zc:inline /Fo"Debug\\" /Fd"Debug\vc140.pdb" /Gd /TP /analyze- /errorReport:prompt main.cpp
         main.cpp
     1>c:\users\den\documents\github\number_methods\lab 04 - интерполювання\lab 04 - интерполювання\polinom.h(18): warning C4018: '>=': signed/unsigned mismatch
     1>c:\users\den\documents\github\number_methods\lab 04 - интерполювання\lab 04 - интерполювання\graph_plotter.h(16): warning C4244: 'initializing': conversion from 'double' to 'int', possible loss of data
     1>c:\users\den\documents\github\number_methods\lab 04 - интерполювання\lab 04 - интерполювання\graph_plotter.h(17): warning C4244: 'initializing': conversion from 'double' to 'int', possible loss of data
     1>c:\users\den\documents\github\number_methods\lab 04 - интерполювання\lab 04 - интерполювання\graph_plotter.h(21): warning C4244: 'initializing': conversion from 'double' to 'int', possible loss of data
     1>c:\users\den\documents\github\number_methods\lab 04 - интерполювання\lab 04 - интерполювання\graph_plotter.h(22): warning C4244: 'initializing': conversion from 'double' to 'int', possible loss of data
     1>c:\users\den\documents\github\number_methods\lab 04 - интерполювання\lab 04 - интерполювання\graph_plotter.h(31): warning C4244: 'initializing': conversion from 'double' to 'int', possible loss of data
     1>c:\users\den\documents\github\number_methods\lab 04 - интерполювання\lab 04 - интерполювання\graph_plotter.h(38): warning C4244: 'initializing': conversion from 'double' to 'int', possible loss of data
     1>c:\users\den\documents\github\number_methods\lab 04 - интерполювання\lab 04 - интерполювання\graph_plotter.h(39): warning C4244: 'initializing': conversion from 'double' to 'int', possible loss of data
     1>c:\users\den\documents\github\number_methods\lab 04 - интерполювання\lab 04 - интерполювання\graph_plotter.h(49): warning C4244: 'initializing': conversion from 'double' to 'int', possible loss of data
     1>c:\users\den\documents\github\number_methods\lab 04 - интерполювання\lab 04 - интерполювання\graph_plotter.h(60): warning C4244: 'initializing': conversion from 'double' to 'int', possible loss of data
     1>c:\users\den\documents\github\number_methods\lab 04 - интерполювання\lab 04 - интерполювання\graph_plotter.h(74): warning C4244: 'initializing': conversion from 'double' to 'int', possible loss of data
     1>c:\users\den\documents\github\number_methods\lab 04 - интерполювання\lab 04 - интерполювання\graph_plotter.h(87): warning C4244: 'initializing': conversion from 'double' to 'int', possible loss of data
     1>c:\users\den\documents\github\number_methods\lab 04 - интерполювання\lab 04 - интерполювання\graph_plotter.h(98): warning C4244: 'initializing': conversion from 'double' to 'int', possible loss of data
     1>c:\users\den\documents\github\number_methods\lab 04 - интерполювання\lab 04 - интерполювання\graph_plotter.h(111): warning C4244: 'argument': conversion from 'double' to 'int', possible loss of data
     1>c:\users\den\documents\github\number_methods\lab 04 - интерполювання\lab 04 - интерполювання\graph_plotter.h(113): warning C4018: '<': signed/unsigned mismatch
     1>c:\users\den\documents\github\number_methods\lab 04 - интерполювання\lab 04 - интерполювання\graph_plotter.h(115): warning C4244: 'initializing': conversion from 'double' to 'int', possible loss of data
     1>c:\users\den\documents\github\number_methods\lab 04 - интерполювання\lab 04 - интерполювання\graph_plotter.h(116): warning C4244: 'initializing': conversion from 'double' to 'int', possible loss of data
     1>c:\users\den\documents\github\number_methods\lab 04 - интерполювання\lab 04 - интерполювання\graph_plotter.h(118): warning C4244: 'initializing': conversion from 'double' to 'int', possible loss of data
     1>c:\users\den\documents\github\number_methods\lab 04 - интерполювання\lab 04 - интерполювання\graph_plotter.h(119): warning C4244: 'initializing': conversion from 'double' to 'int', possible loss of data
       Link:
         C:\Program Files (x86)\Microsoft Visual Studio 14.0\VC\bin\link.exe /ERRORREPORT:PROMPT /OUT:"C:\Users\Den\Documents\GitHub\Number_methods\Lab 04 - Интерполювання\Debug\Lab 04 - Интерполювання.exe" /INCREMENTAL /NOLOGO kernel32.lib user32.lib gdi32.lib winspool.lib comdlg32.lib advapi32.lib shell32.lib ole32.lib oleaut32.lib uuid.lib odbc32.lib odbccp32.lib /MANIFEST /MANIFESTUAC:"level='asInvoker' uiAccess='false'" /manifest:embed /Debug /PDB:"C:\Users\Den\Documents\GitHub\Number_methods\Lab 04 - Интерполювання\Debug\Lab 04 - Интерполювання.pdb" /TLBID:1 /DYNAMICBASE /NXCOMPAT /IMPLIB:"C:\Users\Den\Documents\GitHub\Number_methods\Lab 04 - Интерполювання\Debug\Lab 04 - Интерполювання.lib" /MACHINE:X86 Debug\main.obj
         Lab 04 - Интерполювання.vcxproj -> C:\Users\Den\Documents\GitHub\Number_methods\Lab 04 - Интерполювання\Debug\Lab 04 - Интерполювання.exe
     1>Done Building Project "C:\Users\Den\Documents\GitHub\Number_methods\Lab 04 - Интерполювання\Lab 04 - Интерполювання\Lab 04 - Интерполювання.vcxproj" (Build target(s)).

Build succeeded.

Time Elapsed 00:00:01.41
